<?xml version="1.0" encoding="UTF-8"?>
<!-- Generated by org.testng.reporters.JUnitReportReporter -->
<testsuite hostname="Ravis-MacBook-Air.local" failures="0" tests="3" name="apiTest.apitest.APIBaseTest" time="0.641" errors="0" timestamp="12 Jan 2020 11:24:26 GMT" skipped="0">
  <testcase classname="apiTest.apitest.APIBaseTest" name="T01_SearchTermTest" time="0.536"/>
  <testcase classname="apiTest.apitest.APIBaseTest" name="T03_GalleryWith2xImage1" time="0.087"/>
  <testcase classname="apiTest.apitest.APIBaseTest" name="T02_SearchTermTest" time="0.018"/>
</testsuite> <!-- apiTest.apitest.APIBaseTest -->
